0 info it worked if it ends with ok
1 verbose cli [ 'node',
1 verbose cli   '/Users/rogerperez/.nvm/versions/node/v0.12.6/bin/npm',
1 verbose cli   'run',
1 verbose cli   'test:watch' ]
2 info using npm@2.13.5
3 info using node@v0.12.6
4 verbose stack Error: ENOENT, open '/Users/rogerperez/Projects/personal/war/package.json'
4 verbose stack     at Error (native)
5 verbose cwd /Users/rogerperez/Projects/personal/war
6 error Darwin 15.3.0
7 error argv "node" "/Users/rogerperez/.nvm/versions/node/v0.12.6/bin/npm" "run" "test:watch"
8 error node v0.12.6
9 error npm  v2.13.5
10 error path /Users/rogerperez/Projects/personal/war/package.json
11 error code ENOENT
12 error errno -2
13 error enoent ENOENT, open '/Users/rogerperez/Projects/personal/war/package.json'
13 error enoent This is most likely not a problem with npm itself
13 error enoent and is related to npm not being able to find a file.
14 verbose exit [ -2, true ]
